Using pre-set license
Built from '2021.3/staging' branch; Version is '2021.3.45f1 (0da89fac8e79) revision 895135'; Using compiler version '192829333'; Build Type 'Release'
OS: 'Windows 11  (10.0.22621) 64bit Professional' Language: 'en' Physical Memory: 16294 MB
BatchMode: 1, IsHumanControllingUs: 0, StartBugReporterOnCrash: 0, Is64bit: 1, IsPro: 1

COMMAND LINE ARGUMENTS:
C:\Unity Setup\2021.3.45f1\Editor\Unity.exe
-adb2
-batchMode
-noUpm
-name
AssetImportWorker1
-projectPath
D:/GitHub/Cricket-2025
-logFile
Logs/AssetImportWorker1.log
-srvPort
52479
Successfully changed project path to: D:/GitHub/Cricket-2025
D:/GitHub/Cricket-2025
[UnityMemory] Configuration Parameters - Can be set up in boot.config
    "memorysetup-bucket-allocator-granularity=16"
    "memorysetup-bucket-allocator-bucket-count=8"
    "memorysetup-bucket-allocator-block-size=33554432"
    "memorysetup-bucket-allocator-block-count=8"
    "memorysetup-main-allocator-block-size=16777216"
    "memorysetup-thread-allocator-block-size=16777216"
    "memorysetup-gfx-main-allocator-block-size=16777216"
    "memorysetup-gfx-thread-allocator-block-size=16777216"
    "memorysetup-cache-allocator-block-size=4194304"
    "memorysetup-typetree-allocator-block-size=2097152"
    "memorysetup-profiler-bucket-allocator-granularity=16"
    "memorysetup-profiler-bucket-allocator-bucket-count=8"
    "memorysetup-profiler-bucket-allocator-block-size=33554432"
    "memorysetup-profiler-bucket-allocator-block-count=8"
    "memorysetup-profiler-allocator-block-size=16777216"
    "memorysetup-profiler-editor-allocator-block-size=1048576"
    "memorysetup-temp-allocator-size-main=16777216"
    "memorysetup-job-temp-allocator-block-size=2097152"
    "memorysetup-job-temp-allocator-block-size-background=1048576"
    "memorysetup-job-temp-allocator-reduction-small-platforms=262144"
    "memorysetup-temp-allocator-size-background-worker=32768"
    "memorysetup-temp-allocator-size-job-worker=262144"
    "memorysetup-temp-allocator-size-preload-manager=33554432"
    "memorysetup-temp-allocator-size-nav-mesh-worker=65536"
    "memorysetup-temp-allocator-size-audio-worker=65536"
    "memorysetup-temp-allocator-size-cloud-worker=32768"
    "memorysetup-temp-allocator-size-gi-baking-worker=262144"
    "memorysetup-temp-allocator-size-gfx=262144"
Player connection [8352] Host "[IP] 192.168.31.141 [Port] 0 [Flags] 2 [Guid] 3816372160 [EditorId] 3816372160 [Version] 1048832 [Id] WindowsEditor(7,DESKTOP-9JSQJQM) [Debug] 1 [PackageName] WindowsEditor [ProjectName] Editor" joined multi-casting on [225.0.0.222:54997]...

Player connection [8352] Host "[IP] 192.168.31.141 [Port] 0 [Flags] 2 [Guid] 3816372160 [EditorId] 3816372160 [Version] 1048832 [Id] WindowsEditor(7,DESKTOP-9JSQJQM) [Debug] 1 [PackageName] WindowsEditor [ProjectName] Editor" joined alternative multi-casting on [225.0.0.222:34997]...

[Physics::Module] Initialized MultithreadedJobDispatcher with {0} workers.
Refreshing native plugins compatible for Editor in 70.38 ms, found 3 plugins.
Preloading 0 native plugins for Editor in 0.00 ms.
Initialize engine version: 2021.3.45f1 (0da89fac8e79)
[Subsystems] Discovering subsystems at path C:/Unity Setup/2021.3.45f1/Editor/Data/Resources/UnitySubsystems
[Subsystems] Discovering subsystems at path D:/GitHub/Cricket-2025/Assets
GfxDevice: creating device client; threaded=0; jobified=0
Direct3D:
    Version:  Direct3D 11.0 [level 11.1]
    Renderer: NVIDIA GeForce RTX 3050 (ID=0x2582)
    Vendor:   NVIDIA
    VRAM:     8042 MB
    Driver:   32.0.15.6094
Initialize mono
Mono path[0] = 'C:/Unity Setup/2021.3.45f1/Editor/Data/Managed'
Mono path[1] = 'C:/Unity Setup/2021.3.45f1/Editor/Data/MonoBleedingEdge/lib/mono/unityjit-win32'
Mono config path = 'C:/Unity Setup/2021.3.45f1/Editor/Data/MonoBleedingEdge/etc'
Using monoOptions --debugger-agent=transport=dt_socket,embedding=1,server=y,suspend=n,address=127.0.0.1:56076
Begin MonoManager ReloadAssembly
Registering precompiled unity dll's ...
Register platform support module: C:/Unity Setup/2021.3.45f1/Editor/Data/PlaybackEngines/AndroidPlayer/UnityEditor.Android.Extensions.dll
Register platform support module: C:/Unity Setup/2021.3.45f1/Editor/Data/PlaybackEngines/iOSSupport/UnityEditor.iOS.Extensions.dll
Register platform support module: C:/Unity Setup/2021.3.45f1/Editor/Data/PlaybackEngines/WindowsStandaloneSupport/UnityEditor.WindowsStandalone.Extensions.dll
Registered in 0.004980 seconds.
Native extension for WindowsStandalone target not found
[usbmuxd] Start listen thread
[usbmuxd] Listen thread started
Native extension for iOS target not found
Native extension for Android target not found
Android Extension - Scanning For ADB Devices 308 ms
Refreshing native plugins compatible for Editor in 72.07 ms, found 3 plugins.
Preloading 0 native plugins for Editor in 0.00 ms.
Mono: successfully reloaded assembly
- Completed reload, in  1.127 seconds
Domain Reload Profiling:
	ReloadAssembly (1128ms)
		BeginReloadAssembly (136ms)
			ExecutionOrderSort (0ms)
			DisableScriptedObjects (0ms)
			BackupInstance (0ms)
			ReleaseScriptingObjects (0ms)
			CreateAndSetChildDomain (1ms)
		EndReloadAssembly (873ms)
			LoadAssemblies (136ms)
			RebuildTransferFunctionScriptingTraits (0ms)
			SetupTypeCache (152ms)
			ReleaseScriptCaches (0ms)
			RebuildScriptCaches (32ms)
			SetupLoadedEditorAssemblies (638ms)
				LogAssemblyErrors (0ms)
				InitializePlatformSupportModulesInManaged (395ms)
				SetLoadedEditorAssemblies (0ms)
				RefreshPlugins (72ms)
				BeforeProcessingInitializeOnLoad (1ms)
				ProcessInitializeOnLoadAttributes (119ms)
				ProcessInitializeOnLoadMethodAttributes (50ms)
				AfterProcessingInitializeOnLoad (0ms)
				EditorAssembliesLoaded (0ms)
			ExecutionOrderSort2 (0ms)
			AwakeInstancesAfterBackupRestoration (0ms)
Platform modules already initialized, skipping
Registering precompiled user dll's ...
Registered in 0.005057 seconds.
Begin MonoManager ReloadAssembly
OnLevelWasLoaded was found on GETween
This message has been deprecated and will be removed in a later version of Unity.
Add a delegate to SceneManager.sceneLoaded instead to get notifications after scene loading has completed
OnLevelWasLoaded was found on GameModel
This message has been deprecated and will be removed in a later version of Unity.
Add a delegate to SceneManager.sceneLoaded instead to get notifications after scene loading has completed
OnLevelWasLoaded was found on Reporter
This message has been deprecated and will be removed in a later version of Unity.
Add a delegate to SceneManager.sceneLoaded instead to get notifications after scene loading has completed
OnLevelWasLoaded was found on SoundController
This message has been deprecated and will be removed in a later version of Unity.
Add a delegate to SceneManager.sceneLoaded instead to get notifications after scene loading has completed
Native extension for WindowsStandalone target not found
Native extension for iOS target not found
Native extension for Android target not found
Refreshing native plugins compatible for Editor in 0.94 ms, found 3 plugins.
Preloading 0 native plugins for Editor in 0.00 ms.
Package Manager log level set to [2]
[Package Manager] Server::EnsureServerProcessIsRunning -- launch failed, reason: Unity was launched with the -noUpm command-line argument
[Package Manager] Cannot connect to Unity Package Manager local server
Mono: successfully reloaded assembly
- Completed reload, in  1.613 seconds
Domain Reload Profiling:
	ReloadAssembly (1614ms)
		BeginReloadAssembly (148ms)
			ExecutionOrderSort (0ms)
			DisableScriptedObjects (7ms)
			BackupInstance (0ms)
			ReleaseScriptingObjects (0ms)
			CreateAndSetChildDomain (24ms)
		EndReloadAssembly (1344ms)
			LoadAssemblies (115ms)
			RebuildTransferFunctionScriptingTraits (0ms)
			SetupTypeCache (307ms)
			ReleaseScriptCaches (1ms)
			RebuildScriptCaches (76ms)
			SetupLoadedEditorAssemblies (816ms)
				LogAssemblyErrors (0ms)
				InitializePlatformSupportModulesInManaged (31ms)
				SetLoadedEditorAssemblies (0ms)
				RefreshPlugins (1ms)
				BeforeProcessingInitializeOnLoad (62ms)
				ProcessInitializeOnLoadAttributes (689ms)
				ProcessInitializeOnLoadMethodAttributes (24ms)
				AfterProcessingInitializeOnLoad (7ms)
				EditorAssembliesLoaded (0ms)
			ExecutionOrderSort2 (0ms)
			AwakeInstancesAfterBackupRestoration (10ms)
Platform modules already initialized, skipping
========================================================================
Worker process is ready to serve import requests
Launched and connected shader compiler UnityShaderCompiler.exe after 0.08 seconds
Refreshing native plugins compatible for Editor in 1.94 ms, found 3 plugins.
Preloading 0 native plugins for Editor in 0.00 ms.
Unloading 4461 Unused Serialized files (Serialized files now loaded: 0)
Unloading 33 unused Assets / (70.9 MB). Loaded Objects now: 4926.
Memory consumption went from 156.5 MB to 85.5 MB.
Total: 10.834200 ms (FindLiveObjects: 0.764000 ms CreateObjectMapping: 0.540400 ms MarkObjects: 9.474700 ms  DeleteObjects: 0.053000 ms)

AssetImportParameters requested are different than current active one (requested -> active):
  custom:video-decoder-ogg-theora: a1e56fd34408186e4bbccfd4996cb3dc -> 
  custom:container-muxer-webm: aa71ff27fc2769a1b78a27578f13a17b -> 
  custom:container-demuxer-webm: 4f35f7cbe854078d1ac9338744f61a02 -> 
  custom:video-encoder-webm-vp8: eb34c28f22e8b96e1ab97ce403110664 -> 
  custom:video-codec-MediaFoundation-h265: 746d11721c4dcdbdad8f713fa42b33f4 -> 
  custom:CustomObjectIndexerAttribute: bc11b3a6c3213fcdd17b65e7da85e133 -> 
  custom:audio-encoder-webm-vorbis: bf7c407c2cedff20999df2af8eb42d56 -> 
  custom:framework-win-MediaFoundation: 216162199b28c13a410421893ffa2e32 -> 
  custom:SearchIndexIgnoredProperties: e643bd26f0fe6173181afceb89e7c659 -> 
  custom:container-demuxer-ogg: 62fdf1f143b41e24485cea50d1cbac27 -> 
  custom:video-decoder-webm-vp8: 9c59270c3fd7afecdb556c50c9e8de78 -> 
  custom:audio-decoder-ogg-vorbis: bf7c407c2cedff20999df2af8eb42d56 -> 
========================================================================
Received Import Request.
  Time since last request: 4185.496469 seconds.
  path: Assets/Mesh/Combined Mesh (root scene).asset
  artifactKey: Guid(98c496d6265f6e84584b1c716c94972d) Importer(815301076,1909f56bfc062723c751e8b465ee728b)
Number of updated assets reloaded before import = 0
Start importing Assets/Mesh/Combined Mesh (root scene).asset using Guid(98c496d6265f6e84584b1c716c94972d) Importer(815301076,1909f56bfc062723c751e8b465ee728b)  -> (artifact id: 'da31bdc3ebc02d21bb393ed3ff2f2d18') in 0.379563 seconds 
Number of asset objects unloaded after import = 1
========================================================================
Received Import Request.
  Time since last request: 0.000036 seconds.
  path: Assets/Scripts/Assembly-CSharp/About.cs
  artifactKey: Guid(3def74112e14d6b4a9a8e1fe6292aa65) Importer(815301076,1909f56bfc062723c751e8b465ee728b)
Number of updated assets reloaded before import = 0
Start importing Assets/Scripts/Assembly-CSharp/About.cs using Guid(3def74112e14d6b4a9a8e1fe6292aa65) Importer(815301076,1909f56bfc062723c751e8b465ee728b)  -> (artifact id: '877d85ec6ebb0130601efb28561ac5e7') in 0.016303 seconds 
Number of asset objects unloaded after import = 0
========================================================================
Received Import Request.
  Time since last request: 0.000025 seconds.
  path: Assets/Mesh/Circle_000.asset
  artifactKey: Guid(94c309df4084bb0458002c60520b0cb8) Importer(815301076,1909f56bfc062723c751e8b465ee728b)
Number of updated assets reloaded before import = 0
Start importing Assets/Mesh/Circle_000.asset using Guid(94c309df4084bb0458002c60520b0cb8) Importer(815301076,1909f56bfc062723c751e8b465ee728b)  -> (artifact id: '227e6f23507895aa607356bc7bfe9f78') in 0.029743 seconds 
Number of asset objects unloaded after import = 1
========================================================================
Received Import Request.
  Time since last request: 0.000017 seconds.
  path: Assets/Mesh/4 split bann.006.asset
  artifactKey: Guid(a7253331c20164747b4eb0970020372d) Importer(815301076,1909f56bfc062723c751e8b465ee728b)
Number of updated assets reloaded before import = 0
Start importing Assets/Mesh/4 split bann.006.asset using Guid(a7253331c20164747b4eb0970020372d) Importer(815301076,1909f56bfc062723c751e8b465ee728b)  -> (artifact id: '54986c6351137938e1b64a82eebfbc47') in 0.032433 seconds 
Number of asset objects unloaded after import = 1
========================================================================
Received Import Request.
  Time since last request: 0.000015 seconds.
  path: Assets/Mesh/Cube.002.asset
  artifactKey: Guid(c5c234c3016e6594cbb2a8a098fee9f3) Importer(815301076,1909f56bfc062723c751e8b465ee728b)
Number of updated assets reloaded before import = 0
Start importing Assets/Mesh/Cube.002.asset using Guid(c5c234c3016e6594cbb2a8a098fee9f3) Importer(815301076,1909f56bfc062723c751e8b465ee728b)  -> (artifact id: '78818cafd0713e6a90cfad60a91a7956') in 0.034973 seconds 
Number of asset objects unloaded after import = 1
========================================================================
Received Import Request.
  Time since last request: 0.000021 seconds.
  path: Assets/Mesh/Circle_007.asset
  artifactKey: Guid(645e43e01b0989243a5844e5013832b6) Importer(815301076,1909f56bfc062723c751e8b465ee728b)
Number of updated assets reloaded before import = 0
Start importing Assets/Mesh/Circle_007.asset using Guid(645e43e01b0989243a5844e5013832b6) Importer(815301076,1909f56bfc062723c751e8b465ee728b)  -> (artifact id: 'da7c31a7dfac1fdf5c48fb0362de78b7') in 0.039428 seconds 
Number of asset objects unloaded after import = 1
========================================================================
Received Import Request.
  Time since last request: 0.000020 seconds.
  path: Assets/Mesh/Plane.010.asset
  artifactKey: Guid(4cdd5e656150f2040beed9db74c627b9) Importer(815301076,1909f56bfc062723c751e8b465ee728b)
Number of updated assets reloaded before import = 0
Start importing Assets/Mesh/Plane.010.asset using Guid(4cdd5e656150f2040beed9db74c627b9) Importer(815301076,1909f56bfc062723c751e8b465ee728b)  -> (artifact id: '0e605726e1d92589c9be596471d47c16') in 0.027791 seconds 
Number of asset objects unloaded after import = 1
========================================================================
Received Import Request.
  Time since last request: 0.000028 seconds.
  path: Assets/Mesh/Cube.asset
  artifactKey: Guid(f1ab03b31895d724caad60a96685b3ad) Importer(815301076,1909f56bfc062723c751e8b465ee728b)
Number of updated assets reloaded before import = 0
Start importing Assets/Mesh/Cube.asset using Guid(f1ab03b31895d724caad60a96685b3ad) Importer(815301076,1909f56bfc062723c751e8b465ee728b)  -> (artifact id: '831e7f956a7d0346e1ace52d669c9c06') in 0.023838 seconds 
Number of asset objects unloaded after import = 1
========================================================================
Received Import Request.
  Time since last request: 0.000037 seconds.
  path: Assets/Mesh/4 split bann.007.asset
  artifactKey: Guid(0e73ced4629d99742827a95cc67f7793) Importer(815301076,1909f56bfc062723c751e8b465ee728b)
Number of updated assets reloaded before import = 0
Start importing Assets/Mesh/4 split bann.007.asset using Guid(0e73ced4629d99742827a95cc67f7793) Importer(815301076,1909f56bfc062723c751e8b465ee728b)  -> (artifact id: 'd8254b2edb32c273b82663d8bce28668') in 0.028856 seconds 
Number of asset objects unloaded after import = 1
========================================================================
Received Import Request.
  Time since last request: 0.000044 seconds.
  path: Assets/Mesh/BG_Tree.asset
  artifactKey: Guid(42bda9dc52bf1c14780d8158f493e8d7) Importer(815301076,1909f56bfc062723c751e8b465ee728b)
Number of updated assets reloaded before import = 0
Start importing Assets/Mesh/BG_Tree.asset using Guid(42bda9dc52bf1c14780d8158f493e8d7) Importer(815301076,1909f56bfc062723c751e8b465ee728b)  -> (artifact id: '926d6dcbb2a79d91672ed2d6c7a90b8c') in 0.041753 seconds 
Number of asset objects unloaded after import = 1
========================================================================
Received Import Request.
  Time since last request: 0.000059 seconds.
  path: Assets/Mesh/Circle_005.asset
  artifactKey: Guid(2a04e92a6c66c504a8268a1ea53e8ab2) Importer(815301076,1909f56bfc062723c751e8b465ee728b)
Number of updated assets reloaded before import = 0
Start importing Assets/Mesh/Circle_005.asset using Guid(2a04e92a6c66c504a8268a1ea53e8ab2) Importer(815301076,1909f56bfc062723c751e8b465ee728b)  -> (artifact id: '9e30e033d84a78fa580f719b1203d248') in 0.032663 seconds 
Number of asset objects unloaded after import = 1
========================================================================
Received Import Request.
  Time since last request: 0.000033 seconds.
  path: Assets/Mesh/StadiumStructure01.asset
  artifactKey: Guid(86af41ad17dcc9d408bb44de144e0a99) Importer(815301076,1909f56bfc062723c751e8b465ee728b)
Number of updated assets reloaded before import = 0
Start importing Assets/Mesh/StadiumStructure01.asset using Guid(86af41ad17dcc9d408bb44de144e0a99) Importer(815301076,1909f56bfc062723c751e8b465ee728b)  -> (artifact id: '03bc630df6bfad6e5ad4cb326aa9b41a') in 0.036500 seconds 
Number of asset objects unloaded after import = 1
========================================================================
Received Import Request.
  Time since last request: 0.000029 seconds.
  path: Assets/Mesh/score_board.002_Cube.006.asset
  artifactKey: Guid(c370406958b41424c87df310e566c4ed) Importer(815301076,1909f56bfc062723c751e8b465ee728b)
Number of updated assets reloaded before import = 0
Start importing Assets/Mesh/score_board.002_Cube.006.asset using Guid(c370406958b41424c87df310e566c4ed) Importer(815301076,1909f56bfc062723c751e8b465ee728b)  -> (artifact id: 'dcc353d25521ce606e5466119cecd19f') in 0.023570 seconds 
Number of asset objects unloaded after import = 1
========================================================================
Received Import Request.
  Time since last request: 0.000039 seconds.
  path: Assets/Mesh/geo_Banner.asset
  artifactKey: Guid(6da9b8308c4745c448794e975cc9d28d) Importer(815301076,1909f56bfc062723c751e8b465ee728b)
Number of updated assets reloaded before import = 0
Start importing Assets/Mesh/geo_Banner.asset using Guid(6da9b8308c4745c448794e975cc9d28d) Importer(815301076,1909f56bfc062723c751e8b465ee728b)  -> (artifact id: '8be9937c3bd3e4eac002db786bc9540c') in 0.046273 seconds 
Number of asset objects unloaded after import = 1
========================================================================
Received Import Request.
  Time since last request: 0.000028 seconds.
  path: Assets/Mesh/Circle_002.asset
  artifactKey: Guid(af940a943ab540048ad524d7259e52a2) Importer(815301076,1909f56bfc062723c751e8b465ee728b)
Number of updated assets reloaded before import = 0
Start importing Assets/Mesh/Circle_002.asset using Guid(af940a943ab540048ad524d7259e52a2) Importer(815301076,1909f56bfc062723c751e8b465ee728b)  -> (artifact id: 'ccec93ad6a1363a78701f1e46e414058') in 0.030983 seconds 
Number of asset objects unloaded after import = 1
========================================================================
Received Import Request.
  Time since last request: 0.000041 seconds.
  path: Assets/Mesh/AudiencePlanes.asset
  artifactKey: Guid(3ec90f86b9244994b945909878b2362f) Importer(815301076,1909f56bfc062723c751e8b465ee728b)
Number of updated assets reloaded before import = 0
Start importing Assets/Mesh/AudiencePlanes.asset using Guid(3ec90f86b9244994b945909878b2362f) Importer(815301076,1909f56bfc062723c751e8b465ee728b)  -> (artifact id: 'b5465d4e01b74c4536107742a1dae7f8') in 0.034814 seconds 
Number of asset objects unloaded after import = 1
========================================================================
Received Import Request.
  Time since last request: 0.000022 seconds.
  path: Assets/Mesh/Alpha.asset
  artifactKey: Guid(bb19b4245fd1c5149abd9d2111c76ee2) Importer(815301076,1909f56bfc062723c751e8b465ee728b)
Number of updated assets reloaded before import = 0
Start importing Assets/Mesh/Alpha.asset using Guid(bb19b4245fd1c5149abd9d2111c76ee2) Importer(815301076,1909f56bfc062723c751e8b465ee728b)  -> (artifact id: '1022c72cb4803dee6f41e807f9c88fa9') in 0.052112 seconds 
Number of asset objects unloaded after import = 1
========================================================================
Received Import Request.
  Time since last request: 0.000040 seconds.
  path: Assets/Mesh/Circle_1.asset
  artifactKey: Guid(fff5d7a91f634274982c7ecc87218814) Importer(815301076,1909f56bfc062723c751e8b465ee728b)
Number of updated assets reloaded before import = 0
Start importing Assets/Mesh/Circle_1.asset using Guid(fff5d7a91f634274982c7ecc87218814) Importer(815301076,1909f56bfc062723c751e8b465ee728b)  -> (artifact id: '67c7cf9119cb7c834a21c391901b39fe') in 0.028102 seconds 
Number of asset objects unloaded after import = 1
========================================================================
Received Import Request.
  Time since last request: 0.000032 seconds.
  path: Assets/Mesh/Sphere_2.asset
  artifactKey: Guid(e76b75ec66234064bbccac1e0f524ef0) Importer(815301076,1909f56bfc062723c751e8b465ee728b)
Number of updated assets reloaded before import = 0
Start importing Assets/Mesh/Sphere_2.asset using Guid(e76b75ec66234064bbccac1e0f524ef0) Importer(815301076,1909f56bfc062723c751e8b465ee728b)  -> (artifact id: 'a80b1bf10f6100c8a4886873900696a8') in 0.125177 seconds 
Number of asset objects unloaded after import = 1
========================================================================
Received Import Request.
  Time since last request: 0.000051 seconds.
  path: Assets/Mesh/batsman.asset
  artifactKey: Guid(0d5d860fa4abadc4cba945f19e9d702c) Importer(815301076,1909f56bfc062723c751e8b465ee728b)
Number of updated assets reloaded before import = 0
Start importing Assets/Mesh/batsman.asset using Guid(0d5d860fa4abadc4cba945f19e9d702c) Importer(815301076,1909f56bfc062723c751e8b465ee728b)  -> (artifact id: '915ad66437a0e533d0c7242f5b0ef8fc') in 0.062809 seconds 
Number of asset objects unloaded after import = 1
========================================================================
Received Import Request.
  Time since last request: 0.000044 seconds.
  path: Assets/Mesh/Circle_0.asset
  artifactKey: Guid(6b34cd7c93a31c14f87e408b1946fb71) Importer(815301076,1909f56bfc062723c751e8b465ee728b)
Number of updated assets reloaded before import = 0
Start importing Assets/Mesh/Circle_0.asset using Guid(6b34cd7c93a31c14f87e408b1946fb71) Importer(815301076,1909f56bfc062723c751e8b465ee728b)  -> (artifact id: 'feb3b9b6499c555fe62b2c700b91c139') in 0.517514 seconds 
Number of asset objects unloaded after import = 1
========================================================================
Received Import Request.
  Time since last request: 0.000054 seconds.
  path: Assets/Mesh/Sphere_1.asset
  artifactKey: Guid(1794f40842a71d644938865e3edab3e8) Importer(815301076,1909f56bfc062723c751e8b465ee728b)
Number of updated assets reloaded before import = 0
Start importing Assets/Mesh/Sphere_1.asset using Guid(1794f40842a71d644938865e3edab3e8) Importer(815301076,1909f56bfc062723c751e8b465ee728b)  -> (artifact id: 'd9900703ccb299108326f30214a8ae0e') in 0.274347 seconds 
Number of asset objects unloaded after import = 1
========================================================================
Received Import Request.
  Time since last request: 0.000099 seconds.
  path: Assets/Mesh/Circle_004.asset
  artifactKey: Guid(a0f17610cae5ebe45961e86cd54e1e77) Importer(815301076,1909f56bfc062723c751e8b465ee728b)
Number of updated assets reloaded before import = 0
Start importing Assets/Mesh/Circle_004.asset using Guid(a0f17610cae5ebe45961e86cd54e1e77) Importer(815301076,1909f56bfc062723c751e8b465ee728b)  -> (artifact id: '59cb35082fbf7d8ac5c4d01fcb2af0b9') in 0.284261 seconds 
Number of asset objects unloaded after import = 1
========================================================================
Received Import Request.
  Time since last request: 0.000053 seconds.
  path: Assets/Mesh/Flashlight.asset
  artifactKey: Guid(d208703a8f77b114ba9f3592e9911f7f) Importer(815301076,1909f56bfc062723c751e8b465ee728b)
Number of updated assets reloaded before import = 0
Start importing Assets/Mesh/Flashlight.asset using Guid(d208703a8f77b114ba9f3592e9911f7f) Importer(815301076,1909f56bfc062723c751e8b465ee728b)  -> (artifact id: '618d4334e2f7c0efe61f7b3d7189518c') in 0.066707 seconds 
Number of asset objects unloaded after import = 1
